This is XeTeX, Version 3.141592653-2.6-0.999993 (TeX Live 2022/dev/Debian) (preloaded format=xelatex 2023.6.2)  5 DEC 2023 18:38
entering extended mode
 restricted \write18 enabled.
 %&-line parsing enabled.
**erzeugeFlaechenDreieckAufgabe
(/usr/share/texlive/texmf-dist/tex/latex/tools/q.tex
LaTeX2e <2021-11-15> patch level 1
L3 programming layer <2022-01-21> File ignored
)
! Emergency stop.
<*> erzeugeFlaechenDreieckAufgabe
                                 
*** (job aborted, no legal \end found)

 
Here is how much of TeX's memory you used:
 17 strings out of 478142
 438 string characters out of 5852610
 290217 words of memory out of 5000000
 20740 multiletter control sequences out of 15000+600000
 469259 words of font info for 28 fonts, out of 8000000 for 9000
 14 hyphenation exceptions out of 8191
 12i,0n,12p,109b,10s stack positions out of 5000i,500n,10000p,200000b,80000s
No pages of output.
